<?xml version="1.0" encoding="UTF-8"?>
<!-- Generated by org.testng.reporters.JUnitXMLReporter -->
<testsuite ignored="0" hostname="AbdrahamanesMBP.lan" failures="0" tests="3" name="Submit Order Test" time="29.293" errors="0" timestamp="2024-10-15T14:33:23 EDT">
  <testcase classname="QAlity.SelenuimFrameworkDesign.SubmitOrderTest" name="submitTest" time="9.591"/>
  <testcase classname="QAlity.SelenuimFrameworkDesign.SubmitOrderTest" name="submitTest" time="7.05"/>
  <testcase classname="QAlity.SelenuimFrameworkDesign.SubmitOrderTest" name="OrderHistoryTest" time="0.803"/>
</testsuite> <!-- Submit Order Test -->
