<?xml version="1.0" encoding="UTF-8"?>
<!-- Generated by org.testng.reporters.JUnitXMLReporter -->
<testsuite ignored="0" hostname="AbdrahamanesMBP.lan" failures="0" tests="3" name="Submit Order Test" time="29.564" errors="0" timestamp="2024-10-19T13:55:58 EDT">
  <testcase classname="QAlity.SelenuimFrameworkDesign.SubmitOrderTest" name="submitTest" time="7.067"/>
  <testcase classname="QAlity.SelenuimFrameworkDesign.SubmitOrderTest" name="submitTest" time="7.029"/>
  <testcase classname="QAlity.SelenuimFrameworkDesign.SubmitOrderTest" name="OrderHistoryTest" time="0.801"/>
</testsuite> <!-- Submit Order Test -->
